[29/04/2022 13:34:28] 
Success - creation CSV file

[29/04/2022 13:34:29] 
Success - import id =1000123

[02/05/2022 13:34:57] 
Sucess - creation CSV file

[02/05/2022 13:34:57] 
Error - import failed

[02/05/2022 13:38:14] 
Sucess - creation CSV file

[02/05/2022 13:38:14] 
Error - import failed

[02/05/2022 13:39:11] 
Sucess - creation CSV file

[02/05/2022 13:39:12] 
Success - import id =1000124

[04/05/2022 08:52:45] 
Sucess - creation CSV file

[04/05/2022 08:52:47] 
Success - import id =1000129

[04/05/2022 08:55:29] 
Sucess - creation CSV file

[04/05/2022 08:55:30] 
Success - import id =1000130

